<?xml version="1.0" encoding="UTF-8"?>
<testsuite xmlns:xsi="http://www.w3.org/2001/XMLSchema-instance" xsi:noNamespaceSchemaLocation="https://maven.apache.org/surefire/maven-surefire-plugin/xsd/surefire-test-report.xsd" name="FileCompressionTest" time="1.774" tests="18" errors="0" skipped="0" failures="0">
  <properties>
    <property name="java.specification.version" value="14"/>
    <property name="sun.cpu.isalist" value="amd64"/>
    <property name="sun.jnu.encoding" value="Cp1252"/>
    <property name="java.class.path" value="C:\Users\adami\OneDrive\SE2\FileCompression\target\test-classes;C:\Users\adami\OneDrive\SE2\FileCompression\target\classes;C:\Users\adami\.m2\repository\junit\junit\4.11\junit-4.11.jar;C:\Users\adami\.m2\repository\org\hamcrest\hamcrest-core\1.3\hamcrest-core-1.3.jar;C:\Users\adami\.m2\repository\commons-io\commons-io\2.1\commons-io-2.1.jar;"/>
    <property name="java.vm.vendor" value="Oracle Corporation"/>
    <property name="sun.arch.data.model" value="64"/>
    <property name="user.variant" value=""/>
    <property name="java.vendor.url" value="https://java.oracle.com/"/>
    <property name="user.timezone" value="America/Chicago"/>
    <property name="os.name" value="Windows 10"/>
    <property name="java.vm.specification.version" value="14"/>
    <property name="sun.java.launcher" value="SUN_STANDARD"/>
    <property name="user.country" value="US"/>
    <property name="sun.boot.library.path" value="C:\Program Files\Java\jdk-14.0.1\bin"/>
    <property name="sun.java.command" value="C:\Users\adami\AppData\Local\Temp\surefire8205568510300460075\surefirebooter16355535175709433397.jar C:\Users\adami\AppData\Local\Temp\surefire8205568510300460075 2020-12-01T22-47-59_918-jvmRun1 surefire16102734874960500760tmp surefire_011409203247679617528tmp"/>
    <property name="jdk.debug" value="release"/>
    <property name="surefire.test.class.path" value="C:\Users\adami\OneDrive\SE2\FileCompression\target\test-classes;C:\Users\adami\OneDrive\SE2\FileCompression\target\classes;C:\Users\adami\.m2\repository\junit\junit\4.11\junit-4.11.jar;C:\Users\adami\.m2\repository\org\hamcrest\hamcrest-core\1.3\hamcrest-core-1.3.jar;C:\Users\adami\.m2\repository\commons-io\commons-io\2.1\commons-io-2.1.jar;"/>
    <property name="sun.cpu.endian" value="little"/>
    <property name="user.home" value="C:\Users\adami"/>
    <property name="user.language" value="en"/>
    <property name="java.specification.vendor" value="Oracle Corporation"/>
    <property name="java.version.date" value="2020-04-14"/>
    <property name="java.home" value="C:\Program Files\Java\jdk-14.0.1"/>
    <property name="file.separator" value="\"/>
    <property name="basedir" value="C:\Users\adami\OneDrive\SE2\FileCompression"/>
    <property name="java.vm.compressedOopsMode" value="Zero based"/>
    <property name="line.separator" value="&#10;"/>
    <property name="java.vm.specification.vendor" value="Oracle Corporation"/>
    <property name="java.specification.name" value="Java Platform API Specification"/>
    <property name="surefire.real.class.path" value="C:\Users\adami\AppData\Local\Temp\surefire8205568510300460075\surefirebooter16355535175709433397.jar"/>
    <property name="user.script" value=""/>
    <property name="sun.management.compiler" value="HotSpot 64-Bit Tiered Compilers"/>
    <property name="java.runtime.version" value="14.0.1+7"/>
    <property name="user.name" value="adami"/>
    <property name="path.separator" value=";"/>
    <property name="os.version" value="10.0"/>
    <property name="java.runtime.name" value="Java(TM) SE Runtime Environment"/>
    <property name="file.encoding" value="Cp1252"/>
    <property name="java.vm.name" value="Java HotSpot(TM) 64-Bit Server VM"/>
    <property name="localRepository" value="C:\Users\adami\.m2\repository"/>
    <property name="java.vendor.url.bug" value="https://bugreport.java.com/bugreport/"/>
    <property name="java.io.tmpdir" value="C:\Users\adami\AppData\Local\Temp\"/>
    <property name="java.version" value="14.0.1"/>
    <property name="user.dir" value="C:\Users\adami\OneDrive\SE2\FileCompression"/>
    <property name="os.arch" value="amd64"/>
    <property name="java.vm.specification.name" value="Java Virtual Machine Specification"/>
    <property name="sun.os.patch.level" value=""/>
    <property name="java.library.path" value="C:\Program Files\Java\jdk-14.0.1\bin;C:\Windows\Sun\Java\bin;C:\Windows\system32;C:\Windows;C:\Program Files\Oculus\Support\oculus-runtime;C:\Windows\system32;C:\Windows;C:\Windows\System32\Wbem;C:\Windows\System32\WindowsPowerShell\v1.0\;C:\Windows\System32\OpenSSH\;C:\Program Files\NVIDIA Corporation\NVIDIA NvDLISR;C:\Program Files\apache-maven-3.6.3\bin;C:\Program Files\Git\cmd;C:\Program Files (x86)\NVIDIA Corporation\PhysX\Common;C:\Users\adami\AppData\Local\Microsoft\WindowsApps;C:\Program Files\Java\jdk-14.0.1\bin;C:\Users\adami\AppData\Local\GitHubDesktop\bin;."/>
    <property name="java.vm.info" value="mixed mode, sharing"/>
    <property name="java.vendor" value="Oracle Corporation"/>
    <property name="java.vm.version" value="14.0.1+7"/>
    <property name="sun.io.unicode.encoding" value="UnicodeLittle"/>
    <property name="java.class.version" value="58.0"/>
  </properties>
  <testcase name="normalTestCaseHuff" classname="FileCompressionTest" time="0.028"/>
  <testcase name="fileContainsManyCharsHuff" classname="FileCompressionTest" time="0.255"/>
  <testcase name="normalTestCaseLZW" classname="FileCompressionTest" time="0"/>
  <testcase name="dynamicTestLZW" classname="FileCompressionTest" time="0"/>
  <testcase name="compFileDoesExistLZW" classname="FileCompressionTest" time="0"/>
  <testcase name="compFileDoesExistHuff" classname="FileCompressionTest" time="0.054"/>
  <testcase name="fileIsDirectoryLZW" classname="FileCompressionTest" time="0.003"/>
  <testcase name="dynamicTestHuff" classname="FileCompressionTest" time="0.69"/>
  <testcase name="fileDoesNotExistLZW" classname="FileCompressionTest" time="0.006"/>
  <testcase name="userPassesInWrongNumArgumentsHuff" classname="FileCompressionTest" time="0.003"/>
  <testcase name="fileContainsManyCharsAndMoreHuff" classname="FileCompressionTest" time="0.661"/>
  <testcase name="fileIsDirectoryHuff" classname="FileCompressionTest" time="0.019"/>
  <testcase name="fileContainsManyCharsLZW" classname="FileCompressionTest" time="0"/>
  <testcase name="fileContainsManyCharsAndMoreLZW" classname="FileCompressionTest" time="0"/>
  <testcase name="fileDoesNotExistHuff" classname="FileCompressionTest" time="0.005"/>
  <testcase name="userPassesInWrongNumArgumentsLZW" classname="FileCompressionTest" time="0.001"/>
  <testcase name="fileIsEmptyLZW" classname="FileCompressionTest" time="0.006"/>
  <testcase name="fileIsEmptyHuff" classname="FileCompressionTest" time="0.007"/>
</testsuite>